
*** Running vivado
    with args -log vga_top.vds -m64 -product Vivado -mode batch -messageDb vivado.pb -notrace -source vga_top.tcl



****** Vivado v2020.1 (64-bit)
  **** SW Build 2902540 on Wed May 27 19:54:49 MDT 2020
  **** IP Build 2902112 on Wed May 27 22:43:36 MDT 2020
    ** Copyright 1986-2020 Xilinx, Inc. All Rights Reserved.

source vga_top.tcl -notrace
Command: synth_design -top vga_top -part xc7a35tcpg236-1
Starting synth_design
Attempting to get a license for feature 'Synthesis' and/or device 'xc7a35t'
INFO: [Common 17-349] Got license for feature 'Synthesis' and/or device 'xc7a35t'
INFO: [Device 21-403] Loading part xc7a35tcpg236-1
INFO: [Synth 8-7079] Multithreading enabled for synth_design using a maximum of 2 processes.
INFO: [Synth 8-7078] Launching helper process for spawning children vivado processes
INFO: [Synth 8-7075] Helper process launched with PID 11784
---------------------------------------------------------------------------------
Starting RTL Elaboration : Time (s): cpu = 00:00:04 ; elapsed = 00:00:03 . Memory (MB): peak = 1024.680 ; gain = 0.000
---------------------------------------------------------------------------------
INFO: [Synth 8-6157] synthesizing module 'vga_top' [C:/Users/mh07599/Desktop/vga_screen_og0/vga_screen.srcs/sources_1/new/vga_top.v:23]
INFO: [Synth 8-6157] synthesizing module 'clk_div' [C:/Users/mh07599/Desktop/vga_screen_og0/vga_screen.srcs/sources_1/new/clk_div.v:23]
	Parameter div_value bound to: 1 - type: integer 
INFO: [Synth 8-6155] done synthesizing module 'clk_div' (1#1) [C:/Users/mh07599/Desktop/vga_screen_og0/vga_screen.srcs/sources_1/new/clk_div.v:23]
INFO: [Synth 8-6157] synthesizing module 'h_counter' [C:/Users/mh07599/Desktop/vga_screen_og0/vga_screen.srcs/sources_1/new/h_counter.v:22]
INFO: [Synth 8-6155] done synthesizing module 'h_counter' (2#1) [C:/Users/mh07599/Desktop/vga_screen_og0/vga_screen.srcs/sources_1/new/h_counter.v:22]
INFO: [Synth 8-6157] synthesizing module 'v_counter' [C:/Users/mh07599/Desktop/vga_screen_og0/vga_screen.srcs/sources_1/new/v_counter.v:23]
INFO: [Synth 8-6155] done synthesizing module 'v_counter' (3#1) [C:/Users/mh07599/Desktop/vga_screen_og0/vga_screen.srcs/sources_1/new/v_counter.v:23]
INFO: [Synth 8-6157] synthesizing module 'vga_sync' [C:/Users/mh07599/Desktop/vga_screen_og0/vga_screen.srcs/sources_1/new/vga_sync.v:23]
	Parameter HD bound to: 640 - type: integer 
	Parameter HF bound to: 16 - type: integer 
	Parameter HB bound to: 48 - type: integer 
	Parameter HR bound to: 96 - type: integer 
	Parameter VD bound to: 480 - type: integer 
	Parameter VF bound to: 10 - type: integer 
	Parameter VB bound to: 33 - type: integer 
	Parameter VR bound to: 2 - type: integer 
	Parameter VA_END bound to: 480 - type: integer 
	Parameter LINE bound to: 640 - type: integer 
INFO: [Synth 8-6155] done synthesizing module 'vga_sync' (4#1) [C:/Users/mh07599/Desktop/vga_screen_og0/vga_screen.srcs/sources_1/new/vga_sync.v:23]
INFO: [Synth 8-6157] synthesizing module 'pixel_gen' [C:/Users/mh07599/Desktop/vga_screen_og0/vga_screen.srcs/sources_1/new/pixel_gen.v:3]
INFO: [Synth 8-6155] done synthesizing module 'pixel_gen' (5#1) [C:/Users/mh07599/Desktop/vga_screen_og0/vga_screen.srcs/sources_1/new/pixel_gen.v:3]
INFO: [Synth 8-6155] done synthesizing module 'vga_top' (6#1) [C:/Users/mh07599/Desktop/vga_screen_og0/vga_screen.srcs/sources_1/new/vga_top.v:23]
---------------------------------------------------------------------------------
Finished RTL Elaboration : Time (s): cpu = 00:00:04 ; elapsed = 00:00:04 . Memory (MB): peak = 1024.680 ; gain = 0.000
---------------------------------------------------------------------------------
---------------------------------------------------------------------------------
Start Handling Custom Attributes
---------------------------------------------------------------------------------
---------------------------------------------------------------------------------
Finished Handling Custom Attributes : Time (s): cpu = 00:00:05 ; elapsed = 00:00:05 . Memory (MB): peak = 1024.680 ; gain = 0.000
---------------------------------------------------------------------------------
---------------------------------------------------------------------------------
Finished RTL Optimization Phase 1 : Time (s): cpu = 00:00:05 ; elapsed = 00:00:05 . Memory (MB): peak = 1024.680 ; gain = 0.000
---------------------------------------------------------------------------------
Netlist sorting complete. Time (s): cpu = 00:00:00 ; elapsed = 00:00:00.013 . Memory (MB): peak = 1024.680 ; gain = 0.000
INFO: [Project 1-570] Preparing netlist for logic optimization

Processing XDC Constraints
Initializing timing engine
Parsing XDC File [C:/Users/mh07599/Desktop/vga_screen_og0/vga_screen.srcs/constrs_1/new/Constraints.xdc]
Finished Parsing XDC File [C:/Users/mh07599/Desktop/vga_screen_og0/vga_screen.srcs/constrs_1/new/Constraints.xdc]
INFO: [Project 1-236] Implementation specific constraints were found while reading constraint file [C:/Users/mh07599/Desktop/vga_screen_og0/vga_screen.srcs/constrs_1/new/Constraints.xdc]. These constraints will be ignored for synthesis but will be used in implementation. Impacted constraints are listed in the file [.Xil/vga_top_propImpl.xdc].
Resolution: To avoid this warning, move constraints listed in [.Xil/vga_top_propImpl.xdc] to another XDC file and exclude this new file from synthesis with the used_in_synthesis property (File Properties dialog in GUI) and re-run elaboration/synthesis.
Completed Processing XDC Constraints

Netlist sorting complete. Time (s): cpu = 00:00:00 ; elapsed = 00:00:00 . Memory (MB): peak = 1035.746 ; gain = 0.000
INFO: [Project 1-111] Unisim Transformation Summary:
No Unisim elements were transformed.

Constraint Validation Runtime : Time (s): cpu = 00:00:00 ; elapsed = 00:00:00.004 . Memory (MB): peak = 1035.746 ; gain = 0.000
---------------------------------------------------------------------------------
Finished Constraint Validation : Time (s): cpu = 00:00:10 ; elapsed = 00:00:10 . Memory (MB): peak = 1035.746 ; gain = 11.066
---------------------------------------------------------------------------------
---------------------------------------------------------------------------------
Start Loading Part and Timing Information
---------------------------------------------------------------------------------
Loading part: xc7a35tcpg236-1
---------------------------------------------------------------------------------
Finished Loading Part and Timing Information : Time (s): cpu = 00:00:10 ; elapsed = 00:00:10 . Memory (MB): peak = 1035.746 ; gain = 11.066
---------------------------------------------------------------------------------
---------------------------------------------------------------------------------
Start Applying 'set_property' XDC Constraints
---------------------------------------------------------------------------------
---------------------------------------------------------------------------------
Finished applying 'set_property' XDC Constraints : Time (s): cpu = 00:00:10 ; elapsed = 00:00:10 . Memory (MB): peak = 1035.746 ; gain = 11.066
---------------------------------------------------------------------------------
---------------------------------------------------------------------------------
Finished RTL Optimization Phase 2 : Time (s): cpu = 00:00:10 ; elapsed = 00:00:10 . Memory (MB): peak = 1035.746 ; gain = 11.066
---------------------------------------------------------------------------------
---------------------------------------------------------------------------------
Start RTL Component Statistics 
---------------------------------------------------------------------------------
Detailed RTL Component Info : 
+---Adders : 
	   3 Input   32 Bit       Adders := 5     
	   2 Input   32 Bit       Adders := 5     
	   3 Input   12 Bit       Adders := 21    
	   2 Input   11 Bit       Adders := 33    
	   2 Input   10 Bit       Adders := 10    
	   2 Input    5 Bit       Adders := 1     
	   2 Input    1 Bit       Adders := 1     
+---Registers : 
	               10 Bit    Registers := 10    
	                5 Bit    Registers := 1     
	                4 Bit    Registers := 3     
	                1 Bit    Registers := 7     
+---Multipliers : 
	              32x32  Multipliers := 5     
+---Muxes : 
	   2 Input    4 Bit        Muxes := 7     
	   5 Input    4 Bit        Muxes := 2     
	   2 Input    1 Bit        Muxes := 10    
---------------------------------------------------------------------------------
Finished RTL Component Statistics 
---------------------------------------------------------------------------------
---------------------------------------------------------------------------------
Start Part Resource Summary
---------------------------------------------------------------------------------
Part Resources:
DSPs: 90 (col length:60)
BRAMs: 100 (col length: RAMB18 60 RAMB36 30)
---------------------------------------------------------------------------------
Finished Part Resource Summary
---------------------------------------------------------------------------------
---------------------------------------------------------------------------------
Start Cross Boundary and Area Optimization
---------------------------------------------------------------------------------
DSP Report: Generating DSP red4, operation Mode is: A*B.
DSP Report: operator red4 is absorbed into DSP red4.
DSP Report: operator red4 is absorbed into DSP red4.
DSP Report: Generating DSP red4, operation Mode is: (PCIN>>17)+A*B.
DSP Report: operator red4 is absorbed into DSP red4.
DSP Report: operator red4 is absorbed into DSP red4.
DSP Report: Generating DSP red4, operation Mode is: A*B.
DSP Report: operator red4 is absorbed into DSP red4.
DSP Report: operator red4 is absorbed into DSP red4.
DSP Report: Generating DSP red4, operation Mode is: (PCIN>>17)+A*B.
DSP Report: operator red4 is absorbed into DSP red4.
DSP Report: operator red4 is absorbed into DSP red4.
DSP Report: Generating DSP red4, operation Mode is: A*B.
DSP Report: operator red4 is absorbed into DSP red4.
DSP Report: operator red4 is absorbed into DSP red4.
DSP Report: Generating DSP red4, operation Mode is: (PCIN>>17)+A*B.
DSP Report: operator red4 is absorbed into DSP red4.
DSP Report: operator red4 is absorbed into DSP red4.
DSP Report: Generating DSP red4, operation Mode is: A*B.
DSP Report: operator red4 is absorbed into DSP red4.
DSP Report: operator red4 is absorbed into DSP red4.
DSP Report: Generating DSP red4, operation Mode is: (PCIN>>17)+A*B.
DSP Report: operator red4 is absorbed into DSP red4.
DSP Report: operator red4 is absorbed into DSP red4.
DSP Report: Generating DSP green3, operation Mode is: A*B.
DSP Report: operator green3 is absorbed into DSP green3.
DSP Report: operator green3 is absorbed into DSP green3.
DSP Report: Generating DSP green3, operation Mode is: A*B.
DSP Report: operator green3 is absorbed into DSP green3.
DSP Report: operator green3 is absorbed into DSP green3.
DSP Report: Generating DSP green3, operation Mode is: (PCIN>>17)+A*B.
DSP Report: operator green3 is absorbed into DSP green3.
DSP Report: operator green3 is absorbed into DSP green3.
DSP Report: Generating DSP green5, operation Mode is: A*B.
DSP Report: operator green5 is absorbed into DSP green5.
DSP Report: operator green5 is absorbed into DSP green5.
DSP Report: Generating DSP green5, operation Mode is: (PCIN>>17)+A*B.
DSP Report: operator green5 is absorbed into DSP green5.
DSP Report: operator green5 is absorbed into DSP green5.
DSP Report: Generating DSP green5, operation Mode is: A*B.
DSP Report: operator green5 is absorbed into DSP green5.
DSP Report: operator green5 is absorbed into DSP green5.
DSP Report: Generating DSP green5, operation Mode is: (PCIN>>17)+A*B.
DSP Report: operator green5 is absorbed into DSP green5.
DSP Report: operator green5 is absorbed into DSP green5.
DSP Report: Generating DSP green4, operation Mode is: A*B.
DSP Report: operator green4 is absorbed into DSP green4.
DSP Report: operator green4 is absorbed into DSP green4.
DSP Report: Generating DSP green4, operation Mode is: (PCIN>>17)+A*B.
DSP Report: operator green4 is absorbed into DSP green4.
DSP Report: operator green4 is absorbed into DSP green4.
DSP Report: Generating DSP green4, operation Mode is: A*B.
DSP Report: operator green4 is absorbed into DSP green4.
DSP Report: operator green4 is absorbed into DSP green4.
DSP Report: Generating DSP green4, operation Mode is: (PCIN>>17)+A*B.
DSP Report: operator green4 is absorbed into DSP green4.
DSP Report: operator green4 is absorbed into DSP green4.
DSP Report: Generating DSP green3, operation Mode is: A*B.
DSP Report: operator green3 is absorbed into DSP green3.
DSP Report: operator green3 is absorbed into DSP green3.
DSP Report: Generating DSP green3, operation Mode is: (PCIN>>17)+A*B.
DSP Report: operator green3 is absorbed into DSP green3.
DSP Report: operator green3 is absorbed into DSP green3.
DSP Report: Generating DSP green3, operation Mode is: A*B.
DSP Report: operator green3 is absorbed into DSP green3.
DSP Report: operator green3 is absorbed into DSP green3.
DSP Report: Generating DSP green3, operation Mode is: (PCIN>>17)+A*B.
DSP Report: operator green3 is absorbed into DSP green3.
DSP Report: operator green3 is absorbed into DSP green3.
---------------------------------------------------------------------------------
Finished Cross Boundary and Area Optimization : Time (s): cpu = 00:00:18 ; elapsed = 00:00:18 . Memory (MB): peak = 1035.746 ; gain = 11.066
---------------------------------------------------------------------------------
---------------------------------------------------------------------------------
Start ROM, RAM, DSP and Shift Register Reporting
---------------------------------------------------------------------------------

DSP: Preliminary Mapping	Report (see note below)
+------------+----------------+--------+--------+--------+--------+--------+------+------+------+------+-------+------+------+
|Module Name | DSP Mapping    | A Size | B Size | C Size | D Size | P Size | AREG | BREG | CREG | DREG | ADREG | MREG | PREG | 
+------------+----------------+--------+--------+--------+--------+--------+------+------+------+------+-------+------+------+
|pixel_gen   | A*B            | 18     | 16     | -      | -      | 48     | 0    | 0    | -    | -    | -     | 0    | 0    | 
|pixel_gen   | (PCIN>>17)+A*B | 16     | 16     | -      | -      | 48     | 0    | 0    | -    | -    | -     | 0    | 0    | 
|pixel_gen   | A*B            | 18     | 18     | -      | -      | 48     | 0    | 0    | -    | -    | -     | 0    | 0    | 
|pixel_gen   | (PCIN>>17)+A*B | 18     | 16     | -      | -      | 48     | 0    | 0    | -    | -    | -     | 0    | 0    | 
|pixel_gen   | A*B            | 18     | 16     | -      | -      | 48     | 0    | 0    | -    | -    | -     | 0    | 0    | 
|pixel_gen   | (PCIN>>17)+A*B | 16     | 16     | -      | -      | 48     | 0    | 0    | -    | -    | -     | 0    | 0    | 
|pixel_gen   | A*B            | 18     | 18     | -      | -      | 48     | 0    | 0    | -    | -    | -     | 0    | 0    | 
|pixel_gen   | (PCIN>>17)+A*B | 18     | 16     | -      | -      | 48     | 0    | 0    | -    | -    | -     | 0    | 0    | 
|pixel_gen   | A*B            | 15     | 15     | -      | -      | 15     | 0    | 0    | -    | -    | -     | 0    | 0    | 
|pixel_gen   | A*B            | 18     | 18     | -      | -      | 48     | 0    | 0    | -    | -    | -     | 0    | 0    | 
|pixel_gen   | (PCIN>>17)+A*B | 15     | 15     | -      | -      | 15     | 0    | 0    | -    | -    | -     | 0    | 0    | 
|pixel_gen   | A*B            | 18     | 16     | -      | -      | 48     | 0    | 0    | -    | -    | -     | 0    | 0    | 
|pixel_gen   | (PCIN>>17)+A*B | 16     | 16     | -      | -      | 48     | 0    | 0    | -    | -    | -     | 0    | 0    | 
|pixel_gen   | A*B            | 18     | 18     | -      | -      | 48     | 0    | 0    | -    | -    | -     | 0    | 0    | 
|pixel_gen   | (PCIN>>17)+A*B | 18     | 16     | -      | -      | 48     | 0    | 0    | -    | -    | -     | 0    | 0    | 
|pixel_gen   | A*B            | 18     | 16     | -      | -      | 48     | 0    | 0    | -    | -    | -     | 0    | 0    | 
|pixel_gen   | (PCIN>>17)+A*B | 16     | 16     | -      | -      | 48     | 0    | 0    | -    | -    | -     | 0    | 0    | 
|pixel_gen   | A*B            | 18     | 18     | -      | -      | 48     | 0    | 0    | -    | -    | -     | 0    | 0    | 
|pixel_gen   | (PCIN>>17)+A*B | 18     | 16     | -      | -      | 48     | 0    | 0    | -    | -    | -     | 0    | 0    | 
|pixel_gen   | A*B            | 18     | 16     | -      | -      | 48     | 0    | 0    | -    | -    | -     | 0    | 0    | 
|pixel_gen   | (PCIN>>17)+A*B | 16     | 16     | -      | -      | 48     | 0    | 0    | -    | -    | -     | 0    | 0    | 
|pixel_gen   | A*B            | 18     | 18     | -      | -      | 48     | 0    | 0    | -    | -    | -     | 0    | 0    | 
|pixel_gen   | (PCIN>>17)+A*B | 18     | 16     | -      | -      | 48     | 0    | 0    | -    | -    | -     | 0    | 0    | 
+------------+----------------+--------+--------+--------+--------+--------+------+------+------+------+-------+------+------+

Note: The table above is a preliminary report that shows the DSPs inferred at the current stage of the synthesis flow. Some DSP may be reimplemented as non DSP primitives later in the synthesis flow. Multiple instantiated DSPs are reported only once.
---------------------------------------------------------------------------------
Finished ROM, RAM, DSP and Shift Register Reporting
---------------------------------------------------------------------------------
---------------------------------------------------------------------------------
Start Applying XDC Timing Constraints
---------------------------------------------------------------------------------
---------------------------------------------------------------------------------
Finished Applying XDC Timing Constraints : Time (s): cpu = 00:00:27 ; elapsed = 00:00:27 . Memory (MB): peak = 1063.090 ; gain = 38.410
---------------------------------------------------------------------------------
---------------------------------------------------------------------------------
Start Timing Optimization
---------------------------------------------------------------------------------
---------------------------------------------------------------------------------
Finished Timing Optimization : Time (s): cpu = 00:00:27 ; elapsed = 00:00:27 . Memory (MB): peak = 1064.441 ; gain = 39.762
---------------------------------------------------------------------------------
---------------------------------------------------------------------------------
Start Technology Mapping
---------------------------------------------------------------------------------
---------------------------------------------------------------------------------
Finished Technology Mapping : Time (s): cpu = 00:00:28 ; elapsed = 00:00:28 . Memory (MB): peak = 1098.895 ; gain = 74.215
---------------------------------------------------------------------------------
---------------------------------------------------------------------------------
Start IO Insertion
---------------------------------------------------------------------------------
---------------------------------------------------------------------------------
Start Flattening Before IO Insertion
---------------------------------------------------------------------------------
---------------------------------------------------------------------------------
Finished Flattening Before IO Insertion
---------------------------------------------------------------------------------
---------------------------------------------------------------------------------
Start Final Netlist Cleanup
---------------------------------------------------------------------------------
---------------------------------------------------------------------------------
Finished Final Netlist Cleanup
---------------------------------------------------------------------------------
---------------------------------------------------------------------------------
Finished IO Insertion : Time (s): cpu = 00:00:31 ; elapsed = 00:00:31 . Memory (MB): peak = 1104.188 ; gain = 79.508
---------------------------------------------------------------------------------
---------------------------------------------------------------------------------
Start Renaming Generated Instances
---------------------------------------------------------------------------------
---------------------------------------------------------------------------------
Finished Renaming Generated Instances : Time (s): cpu = 00:00:31 ; elapsed = 00:00:31 . Memory (MB): peak = 1104.188 ; gain = 79.508
---------------------------------------------------------------------------------
---------------------------------------------------------------------------------
Start Rebuilding User Hierarchy
---------------------------------------------------------------------------------
---------------------------------------------------------------------------------
Finished Rebuilding User Hierarchy : Time (s): cpu = 00:00:31 ; elapsed = 00:00:31 . Memory (MB): peak = 1104.188 ; gain = 79.508
---------------------------------------------------------------------------------
---------------------------------------------------------------------------------
Start Renaming Generated Ports
---------------------------------------------------------------------------------
---------------------------------------------------------------------------------
Finished Renaming Generated Ports : Time (s): cpu = 00:00:31 ; elapsed = 00:00:31 . Memory (MB): peak = 1104.188 ; gain = 79.508
---------------------------------------------------------------------------------
---------------------------------------------------------------------------------
Start Handling Custom Attributes
---------------------------------------------------------------------------------
---------------------------------------------------------------------------------
Finished Handling Custom Attributes : Time (s): cpu = 00:00:31 ; elapsed = 00:00:31 . Memory (MB): peak = 1104.188 ; gain = 79.508
---------------------------------------------------------------------------------
---------------------------------------------------------------------------------
Start Renaming Generated Nets
---------------------------------------------------------------------------------
---------------------------------------------------------------------------------
Finished Renaming Generated Nets : Time (s): cpu = 00:00:31 ; elapsed = 00:00:31 . Memory (MB): peak = 1104.188 ; gain = 79.508
---------------------------------------------------------------------------------
---------------------------------------------------------------------------------
Start Writing Synthesis Report
---------------------------------------------------------------------------------

Report BlackBoxes: 
+-+--------------+----------+
| |BlackBox name |Instances |
+-+--------------+----------+
+-+--------------+----------+

Report Cell Usage: 
+------+--------+------+
|      |Cell    |Count |
+------+--------+------+
|1     |BUFG    |     2|
|2     |CARRY4  |   251|
|3     |DSP48E1 |    18|
|4     |LUT1    |    41|
|5     |LUT2    |   482|
|6     |LUT3    |   179|
|7     |LUT4    |   450|
|8     |LUT5    |   324|
|9     |LUT6    |   341|
|10    |FDRE    |   104|
|11    |FDSE    |     3|
|12    |IBUF    |     7|
|13    |OBUF    |    14|
+------+--------+------+
---------------------------------------------------------------------------------
Finished Writing Synthesis Report : Time (s): cpu = 00:00:31 ; elapsed = 00:00:31 . Memory (MB): peak = 1104.188 ; gain = 79.508
---------------------------------------------------------------------------------
Synthesis finished with 0 errors, 0 critical warnings and 0 warnings.
Synthesis Optimization Runtime : Time (s): cpu = 00:00:24 ; elapsed = 00:00:29 . Memory (MB): peak = 1104.188 ; gain = 68.441
Synthesis Optimization Complete : Time (s): cpu = 00:00:31 ; elapsed = 00:00:31 . Memory (MB): peak = 1104.188 ; gain = 79.508
INFO: [Project 1-571] Translating synthesized netlist
Netlist sorting complete. Time (s): cpu = 00:00:00 ; elapsed = 00:00:00.029 . Memory (MB): peak = 1104.188 ; gain = 0.000
INFO: [Netlist 29-17] Analyzing 269 Unisim elements for replacement
INFO: [Netlist 29-28] Unisim Transformation completed in 0 CPU seconds
INFO: [Project 1-570] Preparing netlist for logic optimization
INFO: [Opt 31-138] Pushed 0 inverter(s) to 0 load pin(s).
Netlist sorting complete. Time (s): cpu = 00:00:00 ; elapsed = 00:00:00.001 . Memory (MB): peak = 1104.188 ; gain = 0.000
INFO: [Project 1-111] Unisim Transformation Summary:
No Unisim elements were transformed.

INFO: [Common 17-83] Releasing license: Synthesis
27 Infos, 0 Warnings, 0 Critical Warnings and 0 Errors encountered.
synth_design completed successfully
synth_design: Time (s): cpu = 00:00:35 ; elapsed = 00:00:36 . Memory (MB): peak = 1104.188 ; gain = 79.508
INFO: [Common 17-1381] The checkpoint 'C:/Users/mh07599/Desktop/vga_screen_og0/vga_screen.runs/synth_1/vga_top.dcp' has been generated.
INFO: [runtcl-4] Executing : report_utilization -file vga_top_utilization_synth.rpt -pb vga_top_utilization_synth.pb
INFO: [Common 17-206] Exiting Vivado at Tue Dec 13 17:00:13 2022...
